<?xml version="1.0" encoding="UTF-8"?>
<!-- Generated by org.testng.reporters.JUnitReportReporter -->
<testsuite skipped="0" hostname="DESKTOP-GTD4HR3" name="com.test.GoogleTest" tests="6" failures="0" timestamp="03 Mar 2019 20:57:13 GMT" time="57.999" errors="0">
  <testcase name="googleTitleTest" time="9.071" classname="com.test.GoogleTest"/>
  <testcase name="googleLogoTest" time="9.439" classname="com.test.GoogleTest"/>
  <testcase name="mailLinkTest" time="8.820" classname="com.test.GoogleTest"/>
  <testcase name="test1" time="8.791" classname="com.test.GoogleTest"/>
  <testcase name="test2" time="12.501" classname="com.test.GoogleTest"/>
  <testcase name="test3" time="9.377" classname="com.test.GoogleTest"/>
</testsuite> <!-- com.test.GoogleTest -->
