<?xml version="1.0" encoding="UTF-8"?>
<!-- Generated by org.testng.reporters.JUnitReportReporter -->
<testsuite skipped="0" hostname="DESKTOP-GTD4HR3" name="com.test.TestNGFeatures" tests="1" failures="0" timestamp="20 Feb 2019 00:59:42 GMT" time="0.001" errors="0">
  <testcase name="loginTest" time="0.001" classname="com.test.TestNGFeatures"/>
</testsuite> <!-- com.test.TestNGFeatures -->
