<?xml version="1.0" encoding="UTF-8"?>
<!-- Generated by org.testng.reporters.JUnitReportReporter -->
<testsuite skipped="0" hostname="DESKTOP-GTD4HR3" name="com.test.TestNgBasics" tests="3" failures="0" timestamp="20 Feb 2019 00:59:42 GMT" time="0.019" errors="0">
  <testcase name="googleTitleTest" time="0.002" classname="com.test.TestNgBasics"/>
  <testcase name="searchTest" time="0.006" classname="com.test.TestNgBasics"/>
  <testcase name="googleLogouTest" time="0.011" classname="com.test.TestNgBasics"/>
</testsuite> <!-- com.test.TestNgBasics -->
