<?xml version="1.0" encoding="UTF-8"?>
<!-- Generated by org.testng.reporters.JUnitReportReporter -->
<testsuite skipped="0" hostname="DESKTOP-GTD4HR3" name="com.test.InvocationCountTest" tests="1" failures="0" timestamp="20 Feb 2019 00:15:03 GMT" time="0.021" errors="0">
  <testcase name="number" time="0.021" classname="com.test.InvocationCountTest"/>
</testsuite> <!-- com.test.InvocationCountTest -->
